<?xml version="1.0" encoding="UTF-8"?>
<!-- Generated by org.testng.reporters.JUnitXMLReporter -->
<testsuite ignored="0" hostname="DESKTOP-R2QIAIR" failures="0" tests="9" name="Surefire test" time="71.058" errors="0" timestamp="2023-04-06T19:22:01 EET">
  <testcase classname="com.tv.jawwy.subscribe.testcases.JorPackagesTest" name="CheckPackage1Info" time="7.944"/>
  <testcase classname="com.tv.jawwy.subscribe.testcases.JorPackagesTest" name="CheckPackage2Info" time="5.812"/>
  <testcase classname="com.tv.jawwy.subscribe.testcases.JorPackagesTest" name="CheckPackage3Info" time="6.522"/>
  <testcase classname="com.tv.jawwy.subscribe.testcases.MaPackagesTest" name="CheckPackage1Info" time="5.878"/>
  <testcase classname="com.tv.jawwy.subscribe.testcases.MaPackagesTest" name="CheckPackage2Info" time="5.709"/>
  <testcase classname="com.tv.jawwy.subscribe.testcases.MaPackagesTest" name="CheckPackage3Info" time="5.921"/>
  <testcase classname="com.tv.jawwy.subscribe.testcases.UaePackagesTest" name="CheckPackage1Info" time="6.816"/>
  <testcase classname="com.tv.jawwy.subscribe.testcases.UaePackagesTest" name="CheckPackage2Info" time="6.004"/>
  <testcase classname="com.tv.jawwy.subscribe.testcases.UaePackagesTest" name="CheckPackage3Info" time="5.586"/>
</testsuite> <!-- Surefire test -->
