<?xml version="1.0" encoding="UTF-8"?>
<testng-results ignored="0" total="9" passed="9" failed="0" skipped="0">
  <reporter-output>
  </reporter-output>
  <suite started-at="2023-04-06T19:20:50 EET" name="Surefire suite" finished-at="2023-04-06T19:22:01 EET" duration-ms="71058">
    <groups>
    </groups>
    <test started-at="2023-04-06T19:20:50 EET" name="Surefire test" finished-at="2023-04-06T19:22:01 EET" duration-ms="71058">
      <class name="com.tv.jawwy.subscribe.testcases.UaePackagesTest">
        <test-method is-config="true" signature="Setup()[pri:0, instance:com.tv.jawwy.subscribe.testcases.UaePackagesTest@96def03]" started-at="2023-04-06T19:21:38 EET" name="Setup" finished-at="2023-04-06T19:21:39 EET" duration-ms="1020" status="PASS">
          <reporter-output>
          </reporter-output>
        </test-method> <!-- Setup -->
        <test-method signature="CheckPackage1Info()[pri:0, instance:com.tv.jawwy.subscribe.testcases.UaePackagesTest@96def03]" started-at="2023-04-06T19:21:39 EET" name="CheckPackage1Info" finished-at="2023-04-06T19:21:46 EET" duration-ms="6816" status="PASS">
          <reporter-output>
          </reporter-output>
        </test-method> <!-- CheckPackage1Info -->
        <test-method is-config="true" signature="quite()[pri:0, instance:com.tv.jawwy.subscribe.testcases.UaePackagesTest@96def03]" started-at="2023-04-06T19:21:46 EET" name="quite" finished-at="2023-04-06T19:21:47 EET" duration-ms="445" status="PASS">
          <reporter-output>
          </reporter-output>
        </test-method> <!-- quite -->
        <test-method is-config="true" signature="Setup()[pri:0, instance:com.tv.jawwy.subscribe.testcases.UaePackagesTest@96def03]" started-at="2023-04-06T19:21:47 EET" name="Setup" finished-at="2023-04-06T19:21:47 EET" duration-ms="972" status="PASS">
          <reporter-output>
          </reporter-output>
        </test-method> <!-- Setup -->
        <test-method signature="CheckPackage2Info()[pri:0, instance:com.tv.jawwy.subscribe.testcases.UaePackagesTest@96def03]" started-at="2023-04-06T19:21:47 EET" name="CheckPackage2Info" finished-at="2023-04-06T19:21:54 EET" duration-ms="6004" status="PASS">
          <reporter-output>
          </reporter-output>
        </test-method> <!-- CheckPackage2Info -->
        <test-method is-config="true" signature="quite()[pri:0, instance:com.tv.jawwy.subscribe.testcases.UaePackagesTest@96def03]" started-at="2023-04-06T19:21:54 EET" name="quite" finished-at="2023-04-06T19:21:54 EET" duration-ms="426" status="PASS">
          <reporter-output>
          </reporter-output>
        </test-method> <!-- quite -->
        <test-method is-config="true" signature="Setup()[pri:0, instance:com.tv.jawwy.subscribe.testcases.UaePackagesTest@96def03]" started-at="2023-04-06T19:21:54 EET" name="Setup" finished-at="2023-04-06T19:21:55 EET" duration-ms="987" status="PASS">
          <reporter-output>
          </reporter-output>
        </test-method> <!-- Setup -->
        <test-method signature="CheckPackage3Info()[pri:0, instance:com.tv.jawwy.subscribe.testcases.UaePackagesTest@96def03]" started-at="2023-04-06T19:21:55 EET" name="CheckPackage3Info" finished-at="2023-04-06T19:22:01 EET" duration-ms="5586" status="PASS">
          <reporter-output>
          </reporter-output>
        </test-method> <!-- CheckPackage3Info -->
        <test-method is-config="true" signature="quite()[pri:0, instance:com.tv.jawwy.subscribe.testcases.UaePackagesTest@96def03]" started-at="2023-04-06T19:22:01 EET" name="quite" finished-at="2023-04-06T19:22:01 EET" duration-ms="423" status="PASS">
          <reporter-output>
          </reporter-output>
        </test-method> <!-- quite -->
      </class> <!-- com.tv.jawwy.subscribe.testcases.UaePackagesTest -->
      <class name="com.tv.jawwy.subscribe.testcases.MaPackagesTest">
        <test-method is-config="true" signature="Setup()[pri:0, instance:com.tv.jawwy.subscribe.testcases.MaPackagesTest@6e0dec4a]" started-at="2023-04-06T19:21:16 EET" name="Setup" finished-at="2023-04-06T19:21:17 EET" duration-ms="974" status="PASS">
          <reporter-output>
          </reporter-output>
        </test-method> <!-- Setup -->
        <test-method signature="CheckPackage1Info()[pri:0, instance:com.tv.jawwy.subscribe.testcases.MaPackagesTest@6e0dec4a]" started-at="2023-04-06T19:21:17 EET" name="CheckPackage1Info" finished-at="2023-04-06T19:21:23 EET" duration-ms="5878" status="PASS">
          <reporter-output>
          </reporter-output>
        </test-method> <!-- CheckPackage1Info -->
        <test-method is-config="true" signature="quite()[pri:0, instance:com.tv.jawwy.subscribe.testcases.MaPackagesTest@6e0dec4a]" started-at="2023-04-06T19:21:23 EET" name="quite" finished-at="2023-04-06T19:21:24 EET" duration-ms="463" status="PASS">
          <reporter-output>
          </reporter-output>
        </test-method> <!-- quite -->
        <test-method is-config="true" signature="Setup()[pri:0, instance:com.tv.jawwy.subscribe.testcases.MaPackagesTest@6e0dec4a]" started-at="2023-04-06T19:21:24 EET" name="Setup" finished-at="2023-04-06T19:21:25 EET" duration-ms="1002" status="PASS">
          <reporter-output>
          </reporter-output>
        </test-method> <!-- Setup -->
        <test-method signature="CheckPackage2Info()[pri:0, instance:com.tv.jawwy.subscribe.testcases.MaPackagesTest@6e0dec4a]" started-at="2023-04-06T19:21:25 EET" name="CheckPackage2Info" finished-at="2023-04-06T19:21:30 EET" duration-ms="5709" status="PASS">
          <reporter-output>
          </reporter-output>
        </test-method> <!-- CheckPackage2Info -->
        <test-method is-config="true" signature="quite()[pri:0, instance:com.tv.jawwy.subscribe.testcases.MaPackagesTest@6e0dec4a]" started-at="2023-04-06T19:21:30 EET" name="quite" finished-at="2023-04-06T19:21:31 EET" duration-ms="441" status="PASS">
          <reporter-output>
          </reporter-output>
        </test-method> <!-- quite -->
        <test-method is-config="true" signature="Setup()[pri:0, instance:com.tv.jawwy.subscribe.testcases.MaPackagesTest@6e0dec4a]" started-at="2023-04-06T19:21:31 EET" name="Setup" finished-at="2023-04-06T19:21:32 EET" duration-ms="1071" status="PASS">
          <reporter-output>
          </reporter-output>
        </test-method> <!-- Setup -->
        <test-method signature="CheckPackage3Info()[pri:0, instance:com.tv.jawwy.subscribe.testcases.MaPackagesTest@6e0dec4a]" started-at="2023-04-06T19:21:32 EET" name="CheckPackage3Info" finished-at="2023-04-06T19:21:38 EET" duration-ms="5921" status="PASS">
          <reporter-output>
          </reporter-output>
        </test-method> <!-- CheckPackage3Info -->
        <test-method is-config="true" signature="quite()[pri:0, instance:com.tv.jawwy.subscribe.testcases.MaPackagesTest@6e0dec4a]" started-at="2023-04-06T19:21:38 EET" name="quite" finished-at="2023-04-06T19:21:38 EET" duration-ms="436" status="PASS">
          <reporter-output>
          </reporter-output>
        </test-method> <!-- quite -->
      </class> <!-- com.tv.jawwy.subscribe.testcases.MaPackagesTest -->
      <class name="com.tv.jawwy.subscribe.testcases.JorPackagesTest">
        <test-method is-config="true" signature="Setup()[pri:0, instance:com.tv.jawwy.subscribe.testcases.JorPackagesTest@56528192]" started-at="2023-04-06T19:20:50 EET" name="Setup" finished-at="2023-04-06T19:20:53 EET" duration-ms="2746" status="PASS">
          <reporter-output>
          </reporter-output>
        </test-method> <!-- Setup -->
        <test-method signature="CheckPackage1Info()[pri:0, instance:com.tv.jawwy.subscribe.testcases.JorPackagesTest@56528192]" started-at="2023-04-06T19:20:53 EET" name="CheckPackage1Info" finished-at="2023-04-06T19:21:01 EET" duration-ms="7944" status="PASS">
          <reporter-output>
          </reporter-output>
        </test-method> <!-- CheckPackage1Info -->
        <test-method is-config="true" signature="quite()[pri:0, instance:com.tv.jawwy.subscribe.testcases.JorPackagesTest@56528192]" started-at="2023-04-06T19:21:01 EET" name="quite" finished-at="2023-04-06T19:21:01 EET" duration-ms="498" status="PASS">
          <reporter-output>
          </reporter-output>
        </test-method> <!-- quite -->
        <test-method is-config="true" signature="Setup()[pri:0, instance:com.tv.jawwy.subscribe.testcases.JorPackagesTest@56528192]" started-at="2023-04-06T19:21:01 EET" name="Setup" finished-at="2023-04-06T19:21:02 EET" duration-ms="1104" status="PASS">
          <reporter-output>
          </reporter-output>
        </test-method> <!-- Setup -->
        <test-method signature="CheckPackage2Info()[pri:0, instance:com.tv.jawwy.subscribe.testcases.JorPackagesTest@56528192]" started-at="2023-04-06T19:21:02 EET" name="CheckPackage2Info" finished-at="2023-04-06T19:21:08 EET" duration-ms="5812" status="PASS">
          <reporter-output>
          </reporter-output>
        </test-method> <!-- CheckPackage2Info -->
        <test-method is-config="true" signature="quite()[pri:0, instance:com.tv.jawwy.subscribe.testcases.JorPackagesTest@56528192]" started-at="2023-04-06T19:21:08 EET" name="quite" finished-at="2023-04-06T19:21:08 EET" duration-ms="414" status="PASS">
          <reporter-output>
          </reporter-output>
        </test-method> <!-- quite -->
        <test-method is-config="true" signature="Setup()[pri:0, instance:com.tv.jawwy.subscribe.testcases.JorPackagesTest@56528192]" started-at="2023-04-06T19:21:08 EET" name="Setup" finished-at="2023-04-06T19:21:09 EET" duration-ms="970" status="PASS">
          <reporter-output>
          </reporter-output>
        </test-method> <!-- Setup -->
        <test-method signature="CheckPackage3Info()[pri:0, instance:com.tv.jawwy.subscribe.testcases.JorPackagesTest@56528192]" started-at="2023-04-06T19:21:09 EET" name="CheckPackage3Info" finished-at="2023-04-06T19:21:16 EET" duration-ms="6522" status="PASS">
          <reporter-output>
          </reporter-output>
        </test-method> <!-- CheckPackage3Info -->
        <test-method is-config="true" signature="quite()[pri:0, instance:com.tv.jawwy.subscribe.testcases.JorPackagesTest@56528192]" started-at="2023-04-06T19:21:16 EET" name="quite" finished-at="2023-04-06T19:21:16 EET" duration-ms="386" status="PASS">
          <reporter-output>
          </reporter-output>
        </test-method> <!-- quite -->
      </class> <!-- com.tv.jawwy.subscribe.testcases.JorPackagesTest -->
    </test> <!-- Surefire test -->
  </suite> <!-- Surefire suite -->
</testng-results>
